[14:25:27] [main/INFO]: Environment: authHost='https://authserver.mojang.com', accountsHost='https://api.mojang.com', sessionHost='https://sessionserver.mojang.com', servicesHost='https://api.minecraftservices.com', name='PROD'
[14:25:27] [main/WARN]: Ambiguity between arguments [teleport, location] and [teleport, destination] with inputs: [0.1 -0.5 .9, 0 0 0]
[14:25:27] [main/WARN]: Ambiguity between arguments [teleport, location] and [teleport, targets] with inputs: [0.1 -0.5 .9, 0 0 0]
[14:25:27] [main/WARN]: Ambiguity between arguments [teleport, destination] and [teleport, targets] with inputs: [Player, 0123, @e, dd12be42-52a9-4a91-a8a1-11c01849e498]
[14:25:27] [main/WARN]: Ambiguity between arguments [teleport, targets] and [teleport, destination] with inputs: [Player, 0123, dd12be42-52a9-4a91-a8a1-11c01849e498]
[14:25:27] [main/WARN]: Ambiguity between arguments [teleport, targets, location] and [teleport, targets, destination] with inputs: [0.1 -0.5 .9, 0 0 0]
[14:25:27] [main/INFO]: Reloading ResourceManager: Default
[14:25:28] [Worker-Main-10/INFO]: Loaded 7 recipes
[14:25:28] [Worker-Main-10/INFO]: Loaded 1137 advancements
[14:25:31] [Server thread/INFO]: Starting minecraft server version 1.17.1
[14:25:31] [Server thread/INFO]: Loading properties
[14:25:31] [Server thread/INFO]: Default game type: SURVIVAL
[14:25:31] [Server thread/INFO]: Generating keypair
[14:25:31] [Server console handler/ERROR]: Exception handling console input
java.io.IOException: Identificador inválido
	at java.io.FileInputStream.readBytes(Native Method) ~[?:?]
	at java.io.FileInputStream.read(FileInputStream.java:276) ~[?:?]
	at java.io.BufferedInputStream.read1(BufferedInputStream.java:282) ~[?:?]
	at java.io.BufferedInputStream.read(BufferedInputStream.java:343) ~[?:?]
	at sun.nio.cs.StreamDecoder.readBytes(StreamDecoder.java:270) ~[?:?]
	at sun.nio.cs.StreamDecoder.implRead(StreamDecoder.java:313) ~[?:?]
	at sun.nio.cs.StreamDecoder.read(StreamDecoder.java:188) ~[?:?]
	at java.io.InputStreamReader.read(InputStreamReader.java:177) ~[?:?]
	at java.io.BufferedReader.fill(BufferedReader.java:162) ~[?:?]
	at java.io.BufferedReader.readLine(BufferedReader.java:329) ~[?:?]
	at java.io.BufferedReader.readLine(BufferedReader.java:396) ~[?:?]
	at aas$1.run(SourceFile:101) [server.jar:?]
[14:25:31] [Server thread/INFO]: Starting Minecraft server on 26.90.121.19:25565
[14:25:31] [Server thread/INFO]: Using default channel type
[14:25:31] [Server thread/WARN]: **** SERVER IS RUNNING IN OFFLINE/INSECURE MODE!
[14:25:31] [Server thread/WARN]: The server will make no attempt to authenticate usernames. Beware.
[14:25:31] [Server thread/WARN]: While this makes the game possible to play without internet access, it also opens up the ability for hackers to connect with any username they choose.
[14:25:31] [Server thread/WARN]: To change this, set "online-mode" to "true" in the server.properties file.
[14:25:31] [Server thread/INFO]: Preparing level "world"
[14:25:32] [Server thread/INFO]: Preparing start region for dimension minecraft:overworld
[14:25:32] [Worker-Main-10/INFO]: Preparing spawn area: 0%
[14:25:32] [Worker-Main-11/INFO]: Preparing spawn area: 0%
[14:25:33] [Worker-Main-9/INFO]: Preparing spawn area: 0%
[14:25:33] [Worker-Main-12/INFO]: Preparing spawn area: 0%
[14:25:34] [Worker-Main-14/INFO]: Preparing spawn area: 1%
[14:25:34] [Worker-Main-11/INFO]: Preparing spawn area: 1%
[14:25:35] [Worker-Main-8/INFO]: Preparing spawn area: 8%
[14:25:35] [Worker-Main-10/INFO]: Preparing spawn area: 16%
[14:25:36] [Worker-Main-8/INFO]: Preparing spawn area: 47%
[14:25:36] [Worker-Main-13/INFO]: Preparing spawn area: 82%
[14:25:37] [Server thread/INFO]: Time elapsed: 5698 ms
[14:25:37] [Server thread/INFO]: Done (5.835s)! For help, type "help"
[14:25:41] [Server thread/WARN]: Can't keep up! Is the server overloaded? Running 2005ms or 40 ticks behind
[14:26:12] [Server thread/INFO]: ElliWx[/26.90.121.19:54352] logged in with entity id 291 at (782.7218384306703, 195.0, -1538.4341092356551)
[14:26:12] [Server thread/INFO]: ElliWx joined the game
[14:26:14] [Server thread/WARN]: Can't keep up! Is the server overloaded? Running 2091ms or 41 ticks behind
[14:36:51] [Server thread/INFO]: ElliWx lost connection: Disconnected
[14:36:51] [Server thread/INFO]: ElliWx left the game
[14:36:54] [Server thread/INFO]: Stopping server
[14:36:54] [Server thread/INFO]: Saving players
[14:36:54] [Server thread/INFO]: Saving worlds
[14:36:54] [Server thread/INFO]: Saving chunks for level 'ServerLevel[k]'/minecraft:overworld
[14:36:54] [Server thread/INFO]: Saving chunks for level 'ServerLevel[k]'/minecraft:the_nether
[14:36:54] [Server thread/INFO]: Saving chunks for level 'ServerLevel[k]'/minecraft:the_end
[14:36:54] [Server thread/INFO]: ThreadedAnvilChunkStorage (world): All chunks are saved
[14:36:54] [Server thread/INFO]: ThreadedAnvilChunkStorage (DIM-1): All chunks are saved
[14:36:54] [Server thread/INFO]: ThreadedAnvilChunkStorage (DIM1): All chunks are saved
[14:36:54] [Server thread/INFO]: ThreadedAnvilChunkStorage: All dimensions are saved
